2021-03-13T05:20:09+00:00 CRITICAL Uncaught TypeError: Cannot access offset of type string on string in C:\xampp\htdocs\pharma\wp-content\themes\Mekongpharmacy\templates\section_9.php:7
Stack trace:
#0 C:\xampp\htdocs\pharma\wp-includes\template.php(732): require()
#1 C:\xampp\htdocs\pharma\wp-includes\template.php(676): load_template('C:\\xampp\\htdocs...', false, Array)
#2 C:\xampp\htdocs\pharma\wp-includes\general-template.php(204): locate_template(Array, true, false, Array)
#3 C:\xampp\htdocs\pharma\wp-content\themes\Mekongpharmacy\template_home.php(18): get_template_part('templates/secti...')
#4 C:\xampp\htdocs\pharma\wp-includes\template-loader.php(106): include('C:\\xampp\\htdocs...')
#5 C:\xampp\htdocs\pharma\wp-blog-header.php(19): require_once('C:\\xampp\\htdocs...')
#6 C:\xampp\htdocs\pharma\index.php(17): require('C:\\xampp\\htdocs...')
#7 {main}
  thrown in C:\xampp\htdocs\pharma\wp-content\themes\Mekongpharmacy\templates\section_9.php on line 7

2021-03-13T05:26:17+00:00 CRITICAL Uncaught TypeError: Cannot access offset of type string on string in C:\xampp\htdocs\pharma\wp-content\themes\Mekongpharmacy\templates\section_9.php:7
Stack trace:
#0 C:\xampp\htdocs\pharma\wp-includes\template.php(732): require()
#1 C:\xampp\htdocs\pharma\wp-includes\template.php(676): load_template('C:\\xampp\\htdocs...', false, Array)
#2 C:\xampp\htdocs\pharma\wp-includes\general-template.php(204): locate_template(Array, true, false, Array)
#3 C:\xampp\htdocs\pharma\wp-content\themes\Mekongpharmacy\template_home.php(18): get_template_part('templates/secti...')
#4 C:\xampp\htdocs\pharma\wp-includes\template-loader.php(106): include('C:\\xampp\\htdocs...')
#5 C:\xampp\htdocs\pharma\wp-blog-header.php(19): require_once('C:\\xampp\\htdocs...')
#6 C:\xampp\htdocs\pharma\index.php(17): require('C:\\xampp\\htdocs...')
#7 {main}
  thrown in C:\xampp\htdocs\pharma\wp-content\themes\Mekongpharmacy\templates\section_9.php on line 7

2021-03-13T05:27:32+00:00 CRITICAL Uncaught TypeError: Cannot access offset of type string on string in C:\xampp\htdocs\pharma\wp-content\themes\Mekongpharmacy\templates\section_9.php:7
Stack trace:
#0 C:\xampp\htdocs\pharma\wp-includes\template.php(732): require()
#1 C:\xampp\htdocs\pharma\wp-includes\template.php(676): load_template('C:\\xampp\\htdocs...', false, Array)
#2 C:\xampp\htdocs\pharma\wp-includes\general-template.php(204): locate_template(Array, true, false, Array)
#3 C:\xampp\htdocs\pharma\wp-content\themes\Mekongpharmacy\template_home.php(18): get_template_part('templates/secti...')
#4 C:\xampp\htdocs\pharma\wp-includes\template-loader.php(106): include('C:\\xampp\\htdocs...')
#5 C:\xampp\htdocs\pharma\wp-blog-header.php(19): require_once('C:\\xampp\\htdocs...')
#6 C:\xampp\htdocs\pharma\index.php(17): require('C:\\xampp\\htdocs...')
#7 {main}
  thrown in C:\xampp\htdocs\pharma\wp-content\themes\Mekongpharmacy\templates\section_9.php on line 7

2021-03-13T05:27:53+00:00 CRITICAL Uncaught TypeError: Cannot access offset of type string on string in C:\xampp\htdocs\pharma\wp-content\themes\Mekongpharmacy\templates\section_9.php:7
Stack trace:
#0 C:\xampp\htdocs\pharma\wp-includes\template.php(732): require()
#1 C:\xampp\htdocs\pharma\wp-includes\template.php(676): load_template('C:\\xampp\\htdocs...', false, Array)
#2 C:\xampp\htdocs\pharma\wp-includes\general-template.php(204): locate_template(Array, true, false, Array)
#3 C:\xampp\htdocs\pharma\wp-content\themes\Mekongpharmacy\template_home.php(18): get_template_part('templates/secti...')
#4 C:\xampp\htdocs\pharma\wp-includes\template-loader.php(106): include('C:\\xampp\\htdocs...')
#5 C:\xampp\htdocs\pharma\wp-blog-header.php(19): require_once('C:\\xampp\\htdocs...')
#6 C:\xampp\htdocs\pharma\index.php(17): require('C:\\xampp\\htdocs...')
#7 {main}
  thrown in C:\xampp\htdocs\pharma\wp-content\themes\Mekongpharmacy\templates\section_9.php on line 7

2021-03-13T05:28:11+00:00 CRITICAL Uncaught TypeError: Cannot access offset of type string on string in C:\xampp\htdocs\pharma\wp-content\themes\Mekongpharmacy\templates\section_9.php:7
Stack trace:
#0 C:\xampp\htdocs\pharma\wp-includes\template.php(732): require()
#1 C:\xampp\htdocs\pharma\wp-includes\template.php(676): load_template('C:\\xampp\\htdocs...', false, Array)
#2 C:\xampp\htdocs\pharma\wp-includes\general-template.php(204): locate_template(Array, true, false, Array)
#3 C:\xampp\htdocs\pharma\wp-content\themes\Mekongpharmacy\template_home.php(18): get_template_part('templates/secti...')
#4 C:\xampp\htdocs\pharma\wp-includes\template-loader.php(106): include('C:\\xampp\\htdocs...')
#5 C:\xampp\htdocs\pharma\wp-blog-header.php(19): require_once('C:\\xampp\\htdocs...')
#6 C:\xampp\htdocs\pharma\index.php(17): require('C:\\xampp\\htdocs...')
#7 {main}
  thrown in C:\xampp\htdocs\pharma\wp-content\themes\Mekongpharmacy\templates\section_9.php on line 7

2021-03-13T05:29:08+00:00 CRITICAL Uncaught TypeError: Cannot access offset of type string on string in C:\xampp\htdocs\pharma\wp-content\themes\Mekongpharmacy\templates\section_9.php:7
Stack trace:
#0 C:\xampp\htdocs\pharma\wp-includes\template.php(732): require()
#1 C:\xampp\htdocs\pharma\wp-includes\template.php(676): load_template('C:\\xampp\\htdocs...', false, Array)
#2 C:\xampp\htdocs\pharma\wp-includes\general-template.php(204): locate_template(Array, true, false, Array)
#3 C:\xampp\htdocs\pharma\wp-content\themes\Mekongpharmacy\template_home.php(18): get_template_part('templates/secti...')
#4 C:\xampp\htdocs\pharma\wp-includes\template-loader.php(106): include('C:\\xampp\\htdocs...')
#5 C:\xampp\htdocs\pharma\wp-blog-header.php(19): require_once('C:\\xampp\\htdocs...')
#6 C:\xampp\htdocs\pharma\index.php(17): require('C:\\xampp\\htdocs...')
#7 {main}
  thrown in C:\xampp\htdocs\pharma\wp-content\themes\Mekongpharmacy\templates\section_9.php on line 7

2021-03-13T05:29:34+00:00 CRITICAL Uncaught TypeError: Cannot access offset of type string on string in C:\xampp\htdocs\pharma\wp-content\themes\Mekongpharmacy\templates\section_9.php:7
Stack trace:
#0 C:\xampp\htdocs\pharma\wp-includes\template.php(732): require()
#1 C:\xampp\htdocs\pharma\wp-includes\template.php(676): load_template('C:\\xampp\\htdocs...', false, Array)
#2 C:\xampp\htdocs\pharma\wp-includes\general-template.php(204): locate_template(Array, true, false, Array)
#3 C:\xampp\htdocs\pharma\wp-content\themes\Mekongpharmacy\template_home.php(18): get_template_part('templates/secti...')
#4 C:\xampp\htdocs\pharma\wp-includes\template-loader.php(106): include('C:\\xampp\\htdocs...')
#5 C:\xampp\htdocs\pharma\wp-blog-header.php(19): require_once('C:\\xampp\\htdocs...')
#6 C:\xampp\htdocs\pharma\index.php(17): require('C:\\xampp\\htdocs...')
#7 {main}
  thrown in C:\xampp\htdocs\pharma\wp-content\themes\Mekongpharmacy\templates\section_9.php on line 7

2021-03-13T05:29:50+00:00 CRITICAL Uncaught TypeError: Cannot access offset of type string on string in C:\xampp\htdocs\pharma\wp-content\themes\Mekongpharmacy\templates\section_9.php:7
Stack trace:
#0 C:\xampp\htdocs\pharma\wp-includes\template.php(732): require()
#1 C:\xampp\htdocs\pharma\wp-includes\template.php(676): load_template('C:\\xampp\\htdocs...', false, Array)
#2 C:\xampp\htdocs\pharma\wp-includes\general-template.php(204): locate_template(Array, true, false, Array)
#3 C:\xampp\htdocs\pharma\wp-content\themes\Mekongpharmacy\template_home.php(18): get_template_part('templates/secti...')
#4 C:\xampp\htdocs\pharma\wp-includes\template-loader.php(106): include('C:\\xampp\\htdocs...')
#5 C:\xampp\htdocs\pharma\wp-blog-header.php(19): require_once('C:\\xampp\\htdocs...')
#6 C:\xampp\htdocs\pharma\index.php(17): require('C:\\xampp\\htdocs...')
#7 {main}
  thrown in C:\xampp\htdocs\pharma\wp-content\themes\Mekongpharmacy\templates\section_9.php on line 7

2021-03-13T05:30:23+00:00 CRITICAL Uncaught TypeError: Cannot access offset of type string on string in C:\xampp\htdocs\pharma\wp-content\themes\Mekongpharmacy\templates\section_9.php:7
Stack trace:
#0 C:\xampp\htdocs\pharma\wp-includes\template.php(732): require()
#1 C:\xampp\htdocs\pharma\wp-includes\template.php(676): load_template('C:\\xampp\\htdocs...', false, Array)
#2 C:\xampp\htdocs\pharma\wp-includes\general-template.php(204): locate_template(Array, true, false, Array)
#3 C:\xampp\htdocs\pharma\wp-content\themes\Mekongpharmacy\template_home.php(18): get_template_part('templates/secti...')
#4 C:\xampp\htdocs\pharma\wp-includes\template-loader.php(106): include('C:\\xampp\\htdocs...')
#5 C:\xampp\htdocs\pharma\wp-blog-header.php(19): require_once('C:\\xampp\\htdocs...')
#6 C:\xampp\htdocs\pharma\index.php(17): require('C:\\xampp\\htdocs...')
#7 {main}
  thrown in C:\xampp\htdocs\pharma\wp-content\themes\Mekongpharmacy\templates\section_9.php on line 7

2021-03-13T05:31:11+00:00 CRITICAL Uncaught TypeError: Cannot access offset of type string on string in C:\xampp\htdocs\pharma\wp-content\themes\Mekongpharmacy\templates\section_9.php:7
Stack trace:
#0 C:\xampp\htdocs\pharma\wp-includes\template.php(732): require()
#1 C:\xampp\htdocs\pharma\wp-includes\template.php(676): load_template('C:\\xampp\\htdocs...', false, Array)
#2 C:\xampp\htdocs\pharma\wp-includes\general-template.php(204): locate_template(Array, true, false, Array)
#3 C:\xampp\htdocs\pharma\wp-content\themes\Mekongpharmacy\template_home.php(18): get_template_part('templates/secti...')
#4 C:\xampp\htdocs\pharma\wp-includes\template-loader.php(106): include('C:\\xampp\\htdocs...')
#5 C:\xampp\htdocs\pharma\wp-blog-header.php(19): require_once('C:\\xampp\\htdocs...')
#6 C:\xampp\htdocs\pharma\index.php(17): require('C:\\xampp\\htdocs...')
#7 {main}
  thrown in C:\xampp\htdocs\pharma\wp-content\themes\Mekongpharmacy\templates\section_9.php on line 7

2021-03-13T05:31:31+00:00 CRITICAL Uncaught TypeError: Cannot access offset of type string on string in C:\xampp\htdocs\pharma\wp-content\themes\Mekongpharmacy\templates\section_9.php:7
Stack trace:
#0 C:\xampp\htdocs\pharma\wp-includes\template.php(732): require()
#1 C:\xampp\htdocs\pharma\wp-includes\template.php(676): load_template('C:\\xampp\\htdocs...', false, Array)
#2 C:\xampp\htdocs\pharma\wp-includes\general-template.php(204): locate_template(Array, true, false, Array)
#3 C:\xampp\htdocs\pharma\wp-content\themes\Mekongpharmacy\template_home.php(18): get_template_part('templates/secti...')
#4 C:\xampp\htdocs\pharma\wp-includes\template-loader.php(106): include('C:\\xampp\\htdocs...')
#5 C:\xampp\htdocs\pharma\wp-blog-header.php(19): require_once('C:\\xampp\\htdocs...')
#6 C:\xampp\htdocs\pharma\index.php(17): require('C:\\xampp\\htdocs...')
#7 {main}
  thrown in C:\xampp\htdocs\pharma\wp-content\themes\Mekongpharmacy\templates\section_9.php on line 7

2021-03-13T05:31:48+00:00 CRITICAL Uncaught TypeError: Cannot access offset of type string on string in C:\xampp\htdocs\pharma\wp-content\themes\Mekongpharmacy\templates\section_9.php:7
Stack trace:
#0 C:\xampp\htdocs\pharma\wp-includes\template.php(732): require()
#1 C:\xampp\htdocs\pharma\wp-includes\template.php(676): load_template('C:\\xampp\\htdocs...', false, Array)
#2 C:\xampp\htdocs\pharma\wp-includes\general-template.php(204): locate_template(Array, true, false, Array)
#3 C:\xampp\htdocs\pharma\wp-content\themes\Mekongpharmacy\template_home.php(18): get_template_part('templates/secti...')
#4 C:\xampp\htdocs\pharma\wp-includes\template-loader.php(106): include('C:\\xampp\\htdocs...')
#5 C:\xampp\htdocs\pharma\wp-blog-header.php(19): require_once('C:\\xampp\\htdocs...')
#6 C:\xampp\htdocs\pharma\index.php(17): require('C:\\xampp\\htdocs...')
#7 {main}
  thrown in C:\xampp\htdocs\pharma\wp-content\themes\Mekongpharmacy\templates\section_9.php on line 7

2021-03-13T08:42:54+00:00 CRITICAL Uncaught TypeError: Cannot access offset of type string on string in C:\xampp\htdocs\pharma\wp-content\themes\Mekongpharmacy\templates\section_9.php:7
Stack trace:
#0 C:\xampp\htdocs\pharma\wp-includes\template.php(732): require()
#1 C:\xampp\htdocs\pharma\wp-includes\template.php(676): load_template('C:\\xampp\\htdocs...', false, Array)
#2 C:\xampp\htdocs\pharma\wp-includes\general-template.php(204): locate_template(Array, true, false, Array)
#3 C:\xampp\htdocs\pharma\wp-content\themes\Mekongpharmacy\template_home.php(18): get_template_part('templates/secti...')
#4 C:\xampp\htdocs\pharma\wp-includes\template-loader.php(106): include('C:\\xampp\\htdocs...')
#5 C:\xampp\htdocs\pharma\wp-blog-header.php(19): require_once('C:\\xampp\\htdocs...')
#6 C:\xampp\htdocs\pharma\index.php(17): require('C:\\xampp\\htdocs...')
#7 {main}
  thrown in C:\xampp\htdocs\pharma\wp-content\themes\Mekongpharmacy\templates\section_9.php on line 7

2021-03-13T10:08:33+00:00 CRITICAL Uncaught TypeError: Cannot access offset of type string on string in C:\xampp\htdocs\pharma\wp-content\themes\Mekongpharmacy\templates\section_9.php:7
Stack trace:
#0 C:\xampp\htdocs\pharma\wp-includes\template.php(732): require()
#1 C:\xampp\htdocs\pharma\wp-includes\template.php(676): load_template('C:\\xampp\\htdocs...', false, Array)
#2 C:\xampp\htdocs\pharma\wp-includes\general-template.php(204): locate_template(Array, true, false, Array)
#3 C:\xampp\htdocs\pharma\wp-content\themes\Mekongpharmacy\template_home.php(18): get_template_part('templates/secti...')
#4 C:\xampp\htdocs\pharma\wp-includes\template-loader.php(106): include('C:\\xampp\\htdocs...')
#5 C:\xampp\htdocs\pharma\wp-blog-header.php(19): require_once('C:\\xampp\\htdocs...')
#6 C:\xampp\htdocs\pharma\index.php(17): require('C:\\xampp\\htdocs...')
#7 {main}
  thrown in C:\xampp\htdocs\pharma\wp-content\themes\Mekongpharmacy\templates\section_9.php on line 7

